<?xml version="1.0" encoding="UTF-8"?>
<!-- Generated by org.testng.reporters.JUnitXMLReporter -->
<testsuite hostname="Mistres-MacBook-Pro.local" name="Default test" tests="5" failures="0" timestamp="28 Apr 2020 20:02:43 GMT" time="4.568" errors="0">
  <testcase name="varifytitle" time="0.01" classname="project.TC_CAREFIR_001"/>
  <testcase name="closechildwindow" time="2.338" classname="project.TC_CAREFIR_001"/>
  <testcase name="varifylink" time="0.336" classname="project.TC_CAREFIR_001"/>
  <testcase name="clickonfamilink" time="0.341" classname="project.TC_CAREFIR_001"/>
  <testcase name="varifyquotebtn" time="1.528" classname="project.TC_CAREFIR_001"/>
</testsuite>
