<?xml version="1.0" encoding="UTF-8"?>
<!-- Generated by org.testng.reporters.JUnitXMLReporter -->
<testsuite hostname="Mistres-MacBook-Pro.local" name="Test" tests="5" failures="0" timestamp="28 Apr 2020 19:38:50 GMT" time="4.234" errors="0">
  <testcase name="varifytitle" time="0.008" classname="project.TC_CAREFIR_001"/>
  <testcase name="closechildwindow" time="1.938" classname="project.TC_CAREFIR_001"/>
  <testcase name="varifylink" time="0.34" classname="project.TC_CAREFIR_001"/>
  <testcase name="clickonfamilink" time="0.336" classname="project.TC_CAREFIR_001"/>
  <testcase name="varifyquotebtn" time="1.603" classname="project.TC_CAREFIR_001"/>
</testsuite>
