<?xml version="1.0" encoding="UTF-8"?>
<testng-results skipped="0" failed="0" total="5" passed="5">
  <reporter-output>
  </reporter-output>
  <suite name="Suite" duration-ms="4234" started-at="2020-04-28T15:38:46Z" finished-at="2020-04-28T15:38:50Z">
    <groups>
    </groups>
    <test name="Test" duration-ms="4234" started-at="2020-04-28T15:38:46Z" finished-at="2020-04-28T15:38:50Z">
      <class name="project.TC_CAREFIR_001">
        <test-method status="PASS" signature="setup()[pri:0, instance:project.TC_CAREFIR_001@130f889]" name="setup" is-config="true" duration-ms="4959" started-at="2020-04-28T15:38:41Z" finished-at="2020-04-28T15:38:46Z">
        </test-method>
        <test-method status="PASS" signature="varifytitle()[pri:1, instance:project.TC_CAREFIR_001@130f889]" name="varifytitle" duration-ms="8" started-at="2020-04-28T15:38:46Z" finished-at="2020-04-28T15:38:46Z">
        </test-method>
        <test-method status="PASS" signature="closechildwindow()[pri:2, instance:project.TC_CAREFIR_001@130f889]" name="closechildwindow" duration-ms="1938" started-at="2020-04-28T15:38:46Z" finished-at="2020-04-28T15:38:48Z">
        </test-method>
        <test-method status="PASS" signature="varifylink()[pri:3, instance:project.TC_CAREFIR_001@130f889]" name="varifylink" duration-ms="340" started-at="2020-04-28T15:38:48Z" finished-at="2020-04-28T15:38:48Z">
        </test-method>
        <test-method status="PASS" signature="clickonfamilink()[pri:4, instance:project.TC_CAREFIR_001@130f889]" name="clickonfamilink" duration-ms="336" started-at="2020-04-28T15:38:48Z" finished-at="2020-04-28T15:38:48Z">
        </test-method>
        <test-method status="PASS" signature="varifyquotebtn()[pri:5, instance:project.TC_CAREFIR_001@130f889]" name="varifyquotebtn" duration-ms="1603" started-at="2020-04-28T15:38:48Z" finished-at="2020-04-28T15:38:50Z">
        </test-method>
        <test-method status="PASS" signature="theardown()[pri:0, instance:project.TC_CAREFIR_001@130f889]" name="theardown" is-config="true" duration-ms="87" started-at="2020-04-28T15:38:50Z" finished-at="2020-04-28T15:38:50Z">
        </test-method>
      </class>
    </test>
  </suite>
</testng-results>
